<?xml version="1.0" encoding="UTF-8"?>
<testsuite xmlns:xsi="http://www.w3.org/2001/XMLSchema-instance" xsi:noNamespaceSchemaLocation="https://maven.apache.org/surefire/maven-surefire-plugin/xsd/surefire-test-report-3.0.xsd" version="3.0" name="TestSuite" time="132.179" tests="14" errors="0" skipped="0" failures="0">
  <properties>
    <property name="java.specification.version" value="22"/>
    <property name="sun.cpu.isalist" value="amd64"/>
    <property name="sun.jnu.encoding" value="Cp1252"/>
    <property name="java.class.path" value="D:\Hybrid_Framework_Project\TutorialsNinja_TestAutomationFramework\target\test-classes;D:\Hybrid_Framework_Project\TutorialsNinja_TestAutomationFramework\target\classes;C:\Users\Viraj\.m2\repository\org\seleniumhq\selenium\selenium-java\4.25.0\selenium-java-4.25.0.jar;C:\Users\Viraj\.m2\repository\org\seleniumhq\selenium\selenium-api\4.25.0\selenium-api-4.25.0.jar;C:\Users\Viraj\.m2\repository\org\jspecify\jspecify\1.0.0\jspecify-1.0.0.jar;C:\Users\Viraj\.m2\repository\org\seleniumhq\selenium\selenium-chrome-driver\4.25.0\selenium-chrome-driver-4.25.0.jar;C:\Users\Viraj\.m2\repository\com\google\auto\service\auto-service-annotations\1.1.1\auto-service-annotations-1.1.1.jar;C:\Users\Viraj\.m2\repository\org\seleniumhq\selenium\selenium-chromium-driver\4.25.0\selenium-chromium-driver-4.25.0.jar;C:\Users\Viraj\.m2\repository\org\seleniumhq\selenium\selenium-json\4.25.0\selenium-json-4.25.0.jar;C:\Users\Viraj\.m2\repository\org\seleniumhq\selenium\selenium-manager\4.25.0\selenium-manager-4.25.0.jar;C:\Users\Viraj\.m2\repository\org\seleniumhq\selenium\selenium-devtools-v127\4.25.0\selenium-devtools-v127-4.25.0.jar;C:\Users\Viraj\.m2\repository\org\seleniumhq\selenium\selenium-devtools-v128\4.25.0\selenium-devtools-v128-4.25.0.jar;C:\Users\Viraj\.m2\repository\org\seleniumhq\selenium\selenium-devtools-v129\4.25.0\selenium-devtools-v129-4.25.0.jar;C:\Users\Viraj\.m2\repository\org\seleniumhq\selenium\selenium-devtools-v85\4.25.0\selenium-devtools-v85-4.25.0.jar;C:\Users\Viraj\.m2\repository\org\seleniumhq\selenium\selenium-edge-driver\4.25.0\selenium-edge-driver-4.25.0.jar;C:\Users\Viraj\.m2\repository\org\seleniumhq\selenium\selenium-firefox-driver\4.25.0\selenium-firefox-driver-4.25.0.jar;C:\Users\Viraj\.m2\repository\org\seleniumhq\selenium\selenium-http\4.25.0\selenium-http-4.25.0.jar;C:\Users\Viraj\.m2\repository\dev\failsafe\failsafe\3.3.2\failsafe-3.3.2.jar;C:\Users\Viraj\.m2\repository\org\seleniumhq\selenium\selenium-ie-driver\4.25.0\selenium-ie-driver-4.25.0.jar;C:\Users\Viraj\.m2\repository\org\seleniumhq\selenium\selenium-remote-driver\4.25.0\selenium-remote-driver-4.25.0.jar;C:\Users\Viraj\.m2\repository\com\google\guava\guava\33.3.0-jre\guava-33.3.0-jre.jar;C:\Users\Viraj\.m2\repository\com\google\guava\failureaccess\1.0.2\failureaccess-1.0.2.jar;C:\Users\Viraj\.m2\repository\com\google\guava\listenablefuture\9999.0-empty-to-avoid-conflict-with-guava\listenablefuture-9999.0-empty-to-avoid-conflict-with-guava.jar;C:\Users\Viraj\.m2\repository\com\google\code\findbugs\jsr305\3.0.2\jsr305-3.0.2.jar;C:\Users\Viraj\.m2\repository\org\checkerframework\checker-qual\3.43.0\checker-qual-3.43.0.jar;C:\Users\Viraj\.m2\repository\com\google\j2objc\j2objc-annotations\3.0.0\j2objc-annotations-3.0.0.jar;C:\Users\Viraj\.m2\repository\io\opentelemetry\semconv\opentelemetry-semconv\1.25.0-alpha\opentelemetry-semconv-1.25.0-alpha.jar;C:\Users\Viraj\.m2\repository\io\opentelemetry\opentelemetry-api\1.42.1\opentelemetry-api-1.42.1.jar;C:\Users\Viraj\.m2\repository\io\opentelemetry\opentelemetry-context\1.42.1\opentelemetry-context-1.42.1.jar;C:\Users\Viraj\.m2\repository\io\opentelemetry\opentelemetry-exporter-logging\1.42.1\opentelemetry-exporter-logging-1.42.1.jar;C:\Users\Viraj\.m2\repository\io\opentelemetry\opentelemetry-sdk-common\1.42.1\opentelemetry-sdk-common-1.42.1.jar;C:\Users\Viraj\.m2\repository\io\opentelemetry\opentelemetry-sdk-extension-autoconfigure-spi\1.42.1\opentelemetry-sdk-extension-autoconfigure-spi-1.42.1.jar;C:\Users\Viraj\.m2\repository\io\opentelemetry\opentelemetry-sdk-extension-autoconfigure\1.42.1\opentelemetry-sdk-extension-autoconfigure-1.42.1.jar;C:\Users\Viraj\.m2\repository\io\opentelemetry\opentelemetry-api-incubator\1.42.1-alpha\opentelemetry-api-incubator-1.42.1-alpha.jar;C:\Users\Viraj\.m2\repository\io\opentelemetry\opentelemetry-sdk-trace\1.42.1\opentelemetry-sdk-trace-1.42.1.jar;C:\Users\Viraj\.m2\repository\io\opentelemetry\opentelemetry-sdk\1.42.1\opentelemetry-sdk-1.42.1.jar;C:\Users\Viraj\.m2\repository\io\opentelemetry\opentelemetry-sdk-metrics\1.42.1\opentelemetry-sdk-metrics-1.42.1.jar;C:\Users\Viraj\.m2\repository\io\opentelemetry\opentelemetry-sdk-logs\1.42.1\opentelemetry-sdk-logs-1.42.1.jar;C:\Users\Viraj\.m2\repository\net\bytebuddy\byte-buddy\1.15.1\byte-buddy-1.15.1.jar;C:\Users\Viraj\.m2\repository\org\seleniumhq\selenium\selenium-os\4.25.0\selenium-os-4.25.0.jar;C:\Users\Viraj\.m2\repository\org\apache\commons\commons-exec\1.4.0\commons-exec-1.4.0.jar;C:\Users\Viraj\.m2\repository\org\seleniumhq\selenium\selenium-safari-driver\4.25.0\selenium-safari-driver-4.25.0.jar;C:\Users\Viraj\.m2\repository\org\seleniumhq\selenium\selenium-support\4.25.0\selenium-support-4.25.0.jar;C:\Users\Viraj\.m2\repository\io\github\bonigarcia\webdrivermanager\5.9.1\webdrivermanager-5.9.1.jar;C:\Users\Viraj\.m2\repository\com\google\code\gson\gson\2.11.0\gson-2.11.0.jar;C:\Users\Viraj\.m2\repository\com\google\errorprone\error_prone_annotations\2.27.0\error_prone_annotations-2.27.0.jar;C:\Users\Viraj\.m2\repository\com\github\docker-java\docker-java\3.3.6\docker-java-3.3.6.jar;C:\Users\Viraj\.m2\repository\com\github\docker-java\docker-java-core\3.3.6\docker-java-core-3.3.6.jar;C:\Users\Viraj\.m2\repository\com\github\docker-java\docker-java-api\3.3.6\docker-java-api-3.3.6.jar;C:\Users\Viraj\.m2\repository\com\fasterxml\jackson\core\jackson-annotations\2.10.3\jackson-annotations-2.10.3.jar;C:\Users\Viraj\.m2\repository\com\fasterxml\jackson\core\jackson-databind\2.10.3\jackson-databind-2.10.3.jar;C:\Users\Viraj\.m2\repository\com\fasterxml\jackson\core\jackson-core\2.10.3\jackson-core-2.10.3.jar;C:\Users\Viraj\.m2\repository\org\slf4j\jcl-over-slf4j\1.7.30\jcl-over-slf4j-1.7.30.jar;C:\Users\Viraj\.m2\repository\com\github\docker-java\docker-java-transport-httpclient5\3.3.6\docker-java-transport-httpclient5-3.3.6.jar;C:\Users\Viraj\.m2\repository\com\github\docker-java\docker-java-transport\3.3.6\docker-java-transport-3.3.6.jar;C:\Users\Viraj\.m2\repository\net\java\dev\jna\jna\5.13.0\jna-5.13.0.jar;C:\Users\Viraj\.m2\repository\org\brotli\dec\0.1.2\dec-0.1.2.jar;C:\Users\Viraj\.m2\repository\org\apache\commons\commons-lang3\3.14.0\commons-lang3-3.14.0.jar;C:\Users\Viraj\.m2\repository\org\apache\commons\commons-compress\1.26.2\commons-compress-1.26.2.jar;C:\Users\Viraj\.m2\repository\org\apache\httpcomponents\client5\httpclient5\5.2.1\httpclient5-5.2.1.jar;C:\Users\Viraj\.m2\repository\org\apache\httpcomponents\core5\httpcore5\5.2\httpcore5-5.2.jar;C:\Users\Viraj\.m2\repository\org\apache\httpcomponents\core5\httpcore5-h2\5.2\httpcore5-h2-5.2.jar;C:\Users\Viraj\.m2\repository\org\apache\poi\poi\5.2.5\poi-5.2.5.jar;C:\Users\Viraj\.m2\repository\commons-codec\commons-codec\1.16.0\commons-codec-1.16.0.jar;C:\Users\Viraj\.m2\repository\org\apache\commons\commons-collections4\4.4\commons-collections4-4.4.jar;C:\Users\Viraj\.m2\repository\org\apache\commons\commons-math3\3.6.1\commons-math3-3.6.1.jar;C:\Users\Viraj\.m2\repository\commons-io\commons-io\2.15.0\commons-io-2.15.0.jar;C:\Users\Viraj\.m2\repository\com\zaxxer\SparseBitSet\1.3\SparseBitSet-1.3.jar;C:\Users\Viraj\.m2\repository\org\apache\poi\poi-ooxml\5.2.5\poi-ooxml-5.2.5.jar;C:\Users\Viraj\.m2\repository\org\apache\poi\poi-ooxml-lite\5.2.5\poi-ooxml-lite-5.2.5.jar;C:\Users\Viraj\.m2\repository\org\apache\xmlbeans\xmlbeans\5.2.0\xmlbeans-5.2.0.jar;C:\Users\Viraj\.m2\repository\com\github\virtuald\curvesapi\1.08\curvesapi-1.08.jar;C:\Users\Viraj\.m2\repository\org\testng\testng\7.10.1\testng-7.10.1.jar;C:\Users\Viraj\.m2\repository\com\beust\jcommander\1.82\jcommander-1.82.jar;C:\Users\Viraj\.m2\repository\org\webjars\jquery\3.7.1\jquery-3.7.1.jar;C:\Users\Viraj\.m2\repository\org\apache\logging\log4j\log4j-core\2.23.1\log4j-core-2.23.1.jar;C:\Users\Viraj\.m2\repository\org\apache\logging\log4j\log4j-api\2.23.1\log4j-api-2.23.1.jar;C:\Users\Viraj\.m2\repository\org\apache\logging\log4j\log4j-slf4j-impl\2.23.1\log4j-slf4j-impl-2.23.1.jar;C:\Users\Viraj\.m2\repository\log4j\log4j\1.2.17\log4j-1.2.17.jar;C:\Users\Viraj\.m2\repository\com\aventstack\extentreports\4.0.9\extentreports-4.0.9.jar;C:\Users\Viraj\.m2\repository\org\freemarker\freemarker\2.3.23\freemarker-2.3.23.jar;C:\Users\Viraj\.m2\repository\org\mongodb\mongodb-driver\3.3.0\mongodb-driver-3.3.0.jar;C:\Users\Viraj\.m2\repository\org\mongodb\mongodb-driver-core\3.3.0\mongodb-driver-core-3.3.0.jar;C:\Users\Viraj\.m2\repository\org\mongodb\bson\3.3.0\bson-3.3.0.jar;C:\Users\Viraj\.m2\repository\org\apache\httpcomponents\httpclient\4.5.2\httpclient-4.5.2.jar;C:\Users\Viraj\.m2\repository\org\apache\httpcomponents\httpcore\4.4.4\httpcore-4.4.4.jar;C:\Users\Viraj\.m2\repository\commons-logging\commons-logging\1.2\commons-logging-1.2.jar;C:\Users\Viraj\.m2\repository\org\apache\httpcomponents\httpmime\4.5.2\httpmime-4.5.2.jar;C:\Users\Viraj\.m2\repository\com\relevantcodes\extentreports\2.41.2\extentreports-2.41.2.jar;C:\Users\Viraj\.m2\repository\org\jsoup\jsoup\1.8.3\jsoup-1.8.3.jar;C:\Users\Viraj\.m2\repository\org\xerial\sqlite-jdbc\3.8.11.1\sqlite-jdbc-3.8.11.1.jar;C:\Users\Viraj\.m2\repository\org\slf4j\slf4j-api\2.0.7\slf4j-api-2.0.7.jar;"/>
    <property name="java.vm.vendor" value="Oracle Corporation"/>
    <property name="sun.arch.data.model" value="64"/>
    <property name="user.variant" value=""/>
    <property name="java.vendor.url" value="https://java.oracle.com/"/>
    <property name="user.timezone" value="Asia/Calcutta"/>
    <property name="os.name" value="Windows 11"/>
    <property name="java.vm.specification.version" value="22"/>
    <property name="sun.java.launcher" value="SUN_STANDARD"/>
    <property name="user.country" value="IN"/>
    <property name="sun.boot.library.path" value="C:\Program Files\Java\jdk-22\bin"/>
    <property name="sun.java.command" value="C:\Users\Viraj\AppData\Local\Temp\surefire9322097584791024867\surefirebooter-20250206204048261_3.jar C:\Users\Viraj\AppData\Local\Temp\surefire9322097584791024867 2025-02-06T20-40-48_128-jvmRun1 surefire-20250206204048261_1tmp surefire_0-20250206204048261_2tmp"/>
    <property name="jdk.debug" value="release"/>
    <property name="surefire.test.class.path" value="D:\Hybrid_Framework_Project\TutorialsNinja_TestAutomationFramework\target\test-classes;D:\Hybrid_Framework_Project\TutorialsNinja_TestAutomationFramework\target\classes;C:\Users\Viraj\.m2\repository\org\seleniumhq\selenium\selenium-java\4.25.0\selenium-java-4.25.0.jar;C:\Users\Viraj\.m2\repository\org\seleniumhq\selenium\selenium-api\4.25.0\selenium-api-4.25.0.jar;C:\Users\Viraj\.m2\repository\org\jspecify\jspecify\1.0.0\jspecify-1.0.0.jar;C:\Users\Viraj\.m2\repository\org\seleniumhq\selenium\selenium-chrome-driver\4.25.0\selenium-chrome-driver-4.25.0.jar;C:\Users\Viraj\.m2\repository\com\google\auto\service\auto-service-annotations\1.1.1\auto-service-annotations-1.1.1.jar;C:\Users\Viraj\.m2\repository\org\seleniumhq\selenium\selenium-chromium-driver\4.25.0\selenium-chromium-driver-4.25.0.jar;C:\Users\Viraj\.m2\repository\org\seleniumhq\selenium\selenium-json\4.25.0\selenium-json-4.25.0.jar;C:\Users\Viraj\.m2\repository\org\seleniumhq\selenium\selenium-manager\4.25.0\selenium-manager-4.25.0.jar;C:\Users\Viraj\.m2\repository\org\seleniumhq\selenium\selenium-devtools-v127\4.25.0\selenium-devtools-v127-4.25.0.jar;C:\Users\Viraj\.m2\repository\org\seleniumhq\selenium\selenium-devtools-v128\4.25.0\selenium-devtools-v128-4.25.0.jar;C:\Users\Viraj\.m2\repository\org\seleniumhq\selenium\selenium-devtools-v129\4.25.0\selenium-devtools-v129-4.25.0.jar;C:\Users\Viraj\.m2\repository\org\seleniumhq\selenium\selenium-devtools-v85\4.25.0\selenium-devtools-v85-4.25.0.jar;C:\Users\Viraj\.m2\repository\org\seleniumhq\selenium\selenium-edge-driver\4.25.0\selenium-edge-driver-4.25.0.jar;C:\Users\Viraj\.m2\repository\org\seleniumhq\selenium\selenium-firefox-driver\4.25.0\selenium-firefox-driver-4.25.0.jar;C:\Users\Viraj\.m2\repository\org\seleniumhq\selenium\selenium-http\4.25.0\selenium-http-4.25.0.jar;C:\Users\Viraj\.m2\repository\dev\failsafe\failsafe\3.3.2\failsafe-3.3.2.jar;C:\Users\Viraj\.m2\repository\org\seleniumhq\selenium\selenium-ie-driver\4.25.0\selenium-ie-driver-4.25.0.jar;C:\Users\Viraj\.m2\repository\org\seleniumhq\selenium\selenium-remote-driver\4.25.0\selenium-remote-driver-4.25.0.jar;C:\Users\Viraj\.m2\repository\com\google\guava\guava\33.3.0-jre\guava-33.3.0-jre.jar;C:\Users\Viraj\.m2\repository\com\google\guava\failureaccess\1.0.2\failureaccess-1.0.2.jar;C:\Users\Viraj\.m2\repository\com\google\guava\listenablefuture\9999.0-empty-to-avoid-conflict-with-guava\listenablefuture-9999.0-empty-to-avoid-conflict-with-guava.jar;C:\Users\Viraj\.m2\repository\com\google\code\findbugs\jsr305\3.0.2\jsr305-3.0.2.jar;C:\Users\Viraj\.m2\repository\org\checkerframework\checker-qual\3.43.0\checker-qual-3.43.0.jar;C:\Users\Viraj\.m2\repository\com\google\j2objc\j2objc-annotations\3.0.0\j2objc-annotations-3.0.0.jar;C:\Users\Viraj\.m2\repository\io\opentelemetry\semconv\opentelemetry-semconv\1.25.0-alpha\opentelemetry-semconv-1.25.0-alpha.jar;C:\Users\Viraj\.m2\repository\io\opentelemetry\opentelemetry-api\1.42.1\opentelemetry-api-1.42.1.jar;C:\Users\Viraj\.m2\repository\io\opentelemetry\opentelemetry-context\1.42.1\opentelemetry-context-1.42.1.jar;C:\Users\Viraj\.m2\repository\io\opentelemetry\opentelemetry-exporter-logging\1.42.1\opentelemetry-exporter-logging-1.42.1.jar;C:\Users\Viraj\.m2\repository\io\opentelemetry\opentelemetry-sdk-common\1.42.1\opentelemetry-sdk-common-1.42.1.jar;C:\Users\Viraj\.m2\repository\io\opentelemetry\opentelemetry-sdk-extension-autoconfigure-spi\1.42.1\opentelemetry-sdk-extension-autoconfigure-spi-1.42.1.jar;C:\Users\Viraj\.m2\repository\io\opentelemetry\opentelemetry-sdk-extension-autoconfigure\1.42.1\opentelemetry-sdk-extension-autoconfigure-1.42.1.jar;C:\Users\Viraj\.m2\repository\io\opentelemetry\opentelemetry-api-incubator\1.42.1-alpha\opentelemetry-api-incubator-1.42.1-alpha.jar;C:\Users\Viraj\.m2\repository\io\opentelemetry\opentelemetry-sdk-trace\1.42.1\opentelemetry-sdk-trace-1.42.1.jar;C:\Users\Viraj\.m2\repository\io\opentelemetry\opentelemetry-sdk\1.42.1\opentelemetry-sdk-1.42.1.jar;C:\Users\Viraj\.m2\repository\io\opentelemetry\opentelemetry-sdk-metrics\1.42.1\opentelemetry-sdk-metrics-1.42.1.jar;C:\Users\Viraj\.m2\repository\io\opentelemetry\opentelemetry-sdk-logs\1.42.1\opentelemetry-sdk-logs-1.42.1.jar;C:\Users\Viraj\.m2\repository\net\bytebuddy\byte-buddy\1.15.1\byte-buddy-1.15.1.jar;C:\Users\Viraj\.m2\repository\org\seleniumhq\selenium\selenium-os\4.25.0\selenium-os-4.25.0.jar;C:\Users\Viraj\.m2\repository\org\apache\commons\commons-exec\1.4.0\commons-exec-1.4.0.jar;C:\Users\Viraj\.m2\repository\org\seleniumhq\selenium\selenium-safari-driver\4.25.0\selenium-safari-driver-4.25.0.jar;C:\Users\Viraj\.m2\repository\org\seleniumhq\selenium\selenium-support\4.25.0\selenium-support-4.25.0.jar;C:\Users\Viraj\.m2\repository\io\github\bonigarcia\webdrivermanager\5.9.1\webdrivermanager-5.9.1.jar;C:\Users\Viraj\.m2\repository\com\google\code\gson\gson\2.11.0\gson-2.11.0.jar;C:\Users\Viraj\.m2\repository\com\google\errorprone\error_prone_annotations\2.27.0\error_prone_annotations-2.27.0.jar;C:\Users\Viraj\.m2\repository\com\github\docker-java\docker-java\3.3.6\docker-java-3.3.6.jar;C:\Users\Viraj\.m2\repository\com\github\docker-java\docker-java-core\3.3.6\docker-java-core-3.3.6.jar;C:\Users\Viraj\.m2\repository\com\github\docker-java\docker-java-api\3.3.6\docker-java-api-3.3.6.jar;C:\Users\Viraj\.m2\repository\com\fasterxml\jackson\core\jackson-annotations\2.10.3\jackson-annotations-2.10.3.jar;C:\Users\Viraj\.m2\repository\com\fasterxml\jackson\core\jackson-databind\2.10.3\jackson-databind-2.10.3.jar;C:\Users\Viraj\.m2\repository\com\fasterxml\jackson\core\jackson-core\2.10.3\jackson-core-2.10.3.jar;C:\Users\Viraj\.m2\repository\org\slf4j\jcl-over-slf4j\1.7.30\jcl-over-slf4j-1.7.30.jar;C:\Users\Viraj\.m2\repository\com\github\docker-java\docker-java-transport-httpclient5\3.3.6\docker-java-transport-httpclient5-3.3.6.jar;C:\Users\Viraj\.m2\repository\com\github\docker-java\docker-java-transport\3.3.6\docker-java-transport-3.3.6.jar;C:\Users\Viraj\.m2\repository\net\java\dev\jna\jna\5.13.0\jna-5.13.0.jar;C:\Users\Viraj\.m2\repository\org\brotli\dec\0.1.2\dec-0.1.2.jar;C:\Users\Viraj\.m2\repository\org\apache\commons\commons-lang3\3.14.0\commons-lang3-3.14.0.jar;C:\Users\Viraj\.m2\repository\org\apache\commons\commons-compress\1.26.2\commons-compress-1.26.2.jar;C:\Users\Viraj\.m2\repository\org\apache\httpcomponents\client5\httpclient5\5.2.1\httpclient5-5.2.1.jar;C:\Users\Viraj\.m2\repository\org\apache\httpcomponents\core5\httpcore5\5.2\httpcore5-5.2.jar;C:\Users\Viraj\.m2\repository\org\apache\httpcomponents\core5\httpcore5-h2\5.2\httpcore5-h2-5.2.jar;C:\Users\Viraj\.m2\repository\org\apache\poi\poi\5.2.5\poi-5.2.5.jar;C:\Users\Viraj\.m2\repository\commons-codec\commons-codec\1.16.0\commons-codec-1.16.0.jar;C:\Users\Viraj\.m2\repository\org\apache\commons\commons-collections4\4.4\commons-collections4-4.4.jar;C:\Users\Viraj\.m2\repository\org\apache\commons\commons-math3\3.6.1\commons-math3-3.6.1.jar;C:\Users\Viraj\.m2\repository\commons-io\commons-io\2.15.0\commons-io-2.15.0.jar;C:\Users\Viraj\.m2\repository\com\zaxxer\SparseBitSet\1.3\SparseBitSet-1.3.jar;C:\Users\Viraj\.m2\repository\org\apache\poi\poi-ooxml\5.2.5\poi-ooxml-5.2.5.jar;C:\Users\Viraj\.m2\repository\org\apache\poi\poi-ooxml-lite\5.2.5\poi-ooxml-lite-5.2.5.jar;C:\Users\Viraj\.m2\repository\org\apache\xmlbeans\xmlbeans\5.2.0\xmlbeans-5.2.0.jar;C:\Users\Viraj\.m2\repository\com\github\virtuald\curvesapi\1.08\curvesapi-1.08.jar;C:\Users\Viraj\.m2\repository\org\testng\testng\7.10.1\testng-7.10.1.jar;C:\Users\Viraj\.m2\repository\com\beust\jcommander\1.82\jcommander-1.82.jar;C:\Users\Viraj\.m2\repository\org\webjars\jquery\3.7.1\jquery-3.7.1.jar;C:\Users\Viraj\.m2\repository\org\apache\logging\log4j\log4j-core\2.23.1\log4j-core-2.23.1.jar;C:\Users\Viraj\.m2\repository\org\apache\logging\log4j\log4j-api\2.23.1\log4j-api-2.23.1.jar;C:\Users\Viraj\.m2\repository\org\apache\logging\log4j\log4j-slf4j-impl\2.23.1\log4j-slf4j-impl-2.23.1.jar;C:\Users\Viraj\.m2\repository\log4j\log4j\1.2.17\log4j-1.2.17.jar;C:\Users\Viraj\.m2\repository\com\aventstack\extentreports\4.0.9\extentreports-4.0.9.jar;C:\Users\Viraj\.m2\repository\org\freemarker\freemarker\2.3.23\freemarker-2.3.23.jar;C:\Users\Viraj\.m2\repository\org\mongodb\mongodb-driver\3.3.0\mongodb-driver-3.3.0.jar;C:\Users\Viraj\.m2\repository\org\mongodb\mongodb-driver-core\3.3.0\mongodb-driver-core-3.3.0.jar;C:\Users\Viraj\.m2\repository\org\mongodb\bson\3.3.0\bson-3.3.0.jar;C:\Users\Viraj\.m2\repository\org\apache\httpcomponents\httpclient\4.5.2\httpclient-4.5.2.jar;C:\Users\Viraj\.m2\repository\org\apache\httpcomponents\httpcore\4.4.4\httpcore-4.4.4.jar;C:\Users\Viraj\.m2\repository\commons-logging\commons-logging\1.2\commons-logging-1.2.jar;C:\Users\Viraj\.m2\repository\org\apache\httpcomponents\httpmime\4.5.2\httpmime-4.5.2.jar;C:\Users\Viraj\.m2\repository\com\relevantcodes\extentreports\2.41.2\extentreports-2.41.2.jar;C:\Users\Viraj\.m2\repository\org\jsoup\jsoup\1.8.3\jsoup-1.8.3.jar;C:\Users\Viraj\.m2\repository\org\xerial\sqlite-jdbc\3.8.11.1\sqlite-jdbc-3.8.11.1.jar;C:\Users\Viraj\.m2\repository\org\slf4j\slf4j-api\2.0.7\slf4j-api-2.0.7.jar;"/>
    <property name="sun.cpu.endian" value="little"/>
    <property name="user.home" value="C:\Users\Viraj"/>
    <property name="user.language" value="en"/>
    <property name="java.specification.vendor" value="Oracle Corporation"/>
    <property name="java.version.date" value="2024-07-16"/>
    <property name="java.home" value="C:\Program Files\Java\jdk-22"/>
    <property name="file.separator" value="\"/>
    <property name="basedir" value="D:\Hybrid_Framework_Project\TutorialsNinja_TestAutomationFramework"/>
    <property name="style.color" value="always"/>
    <property name="java.vm.compressedOopsMode" value="32-bit"/>
    <property name="line.separator" value="&#10;"/>
    <property name="java.vm.specification.vendor" value="Oracle Corporation"/>
    <property name="java.specification.name" value="Java Platform API Specification"/>
    <property name="surefire.real.class.path" value="C:\Users\Viraj\AppData\Local\Temp\surefire9322097584791024867\surefirebooter-20250206204048261_3.jar"/>
    <property name="user.script" value=""/>
    <property name="sun.management.compiler" value="HotSpot 64-Bit Tiered Compilers"/>
    <property name="java.runtime.version" value="22.0.2+9-70"/>
    <property name="user.name" value="Viraj"/>
    <property name="stdout.encoding" value="Cp1252"/>
    <property name="path.separator" value=";"/>
    <property name="os.version" value="10.0"/>
    <property name="java.runtime.name" value="Java(TM) SE Runtime Environment"/>
    <property name="file.encoding" value="UTF-8"/>
    <property name="java.vm.name" value="Java HotSpot(TM) 64-Bit Server VM"/>
    <property name="localRepository" value="C:\Users\Viraj\.m2\repository"/>
    <property name="java.vendor.url.bug" value="https://bugreport.java.com/bugreport/"/>
    <property name="java.io.tmpdir" value="C:\Users\Viraj\AppData\Local\Temp\"/>
    <property name="java.version" value="22.0.2"/>
    <property name="user.dir" value="D:\Hybrid_Framework_Project\TutorialsNinja_TestAutomationFramework"/>
    <property name="os.arch" value="amd64"/>
    <property name="java.vm.specification.name" value="Java Virtual Machine Specification"/>
    <property name="sun.os.patch.level" value=""/>
    <property name="native.encoding" value="Cp1252"/>
    <property name="java.library.path" value="C:\Program Files\Java\jdk-22\bin;C:\WINDOWS\Sun\Java\bin;C:\WINDOWS\system32;C:\WINDOWS;C:/Program Files/Java/jdk-22/bin/server;C:/Program Files/Java/jdk-22/bin;C:\Program Files\Microsoft SDKs\Azure\CLI2\wbin;C:\Program Files\Common Files\Oracle\Java\javapath;C:\Program Files (x86)\Common Files\Oracle\Java\java8path;C:\Program Files (x86)\Common Files\Oracle\Java\javapath;C:\Windows\system32;C:\Windows;C:\Windows\System32\Wbem;C:\Windows\System32\WindowsPowerShell\v1.0\;C:\Windows\System32\OpenSSH\;C:\Program Files\nodejs\;C:\Program Files\Git\cmd;C:\WINDOWS\system32;C:\WINDOWS;C:\WINDOWS\System32\Wbem;C:\WINDOWS\System32\WindowsPowerShell\v1.0\;C:\WINDOWS\System32\OpenSSH\;C:\Program Files\apache-maven-3.9.9\bin;C:\Users\Viraj\AppData\Local\Programs\Python\Python313\Scripts\;C:\Users\Viraj\AppData\Local\Programs\Python\Python313\;C:\Program Files\MySQL\MySQL Shell 8.0\bin\;C:\Users\Viraj\AppData\Local\Microsoft\WindowsApps;C:\Users\Viraj\AppData\Local\Programs\Microsoft VS Code\bin;C:\Users\Viraj\AppData\Roaming\npm;;C:\Users\Viraj\AppData\Local\Programs\Ollama;C:\WINDOWS\System32;;."/>
    <property name="java.vm.info" value="mixed mode, sharing"/>
    <property name="stderr.encoding" value="Cp1252"/>
    <property name="java.vendor" value="Oracle Corporation"/>
    <property name="java.vm.version" value="22.0.2+9-70"/>
    <property name="sun.io.unicode.encoding" value="UnicodeLittle"/>
    <property name="java.class.version" value="66.0"/>
  </properties>
  <testcase name="Methofname" classname="testCases.TC08_HomePageLogo" time="0.012">
    <system-out><![CDATA[ INFO [main] (BaseClass.java:51)- Logger initialized
 INFO [main] (BaseClass.java:54)- Setting up the browser: chrome
 INFO [main] (BaseClass.java:57)- Launching Chrome browser
 INFO [main] (BaseClass.java:73)- Browser launched successfully
 INFO [main] (BaseClass.java:76)- Maximizing browser window
 INFO [main] (BaseClass.java:79)- Setting implicit wait to 20 seconds
 INFO [main] (BaseClass.java:83)- Navigating to application URL: https://tutorialsninja.com/demo/
 INFO [main] (BaseClass.java:85)- Application opened successfully
Starting Test: Methofname
Test Passed: Methofname
]]></system-out>
    <system-err><![CDATA[SLF4J: No SLF4J providers were found.
SLF4J: Defaulting to no-operation (NOP) logger implementation
SLF4J: See https://www.slf4j.org/codes.html#noProviders for further details.
SLF4J: Class path contains SLF4J bindings targeting slf4j-api versions 1.7.x or earlier.
SLF4J: Ignoring binding found at [jar:file:/C:/Users/Viraj/.m2/repository/org/apache/logging/log4j/log4j-slf4j-impl/2.23.1/log4j-slf4j-impl-2.23.1.jar!/org/slf4j/impl/StaticLoggerBinder.class]
SLF4J: See https://www.slf4j.org/codes.html#ignoredBindings for an explanation.
Feb 06, 2025 8:40:51 PM org.openqa.selenium.devtools.CdpVersionFinder findNearestMatch
WARNING: Unable to find an exact match for CDP version 131, returning the closest version; found: 129; Please update to a Selenium version that supports CDP version 131
]]></system-err>
  </testcase>
  <testcase name="testCartItemDetails" classname="testCases.TC07_AddToCartTest" time="6.741">
    <system-out><![CDATA[ INFO [main] (BaseClass.java:92)- Closing the browser
 INFO [main] (BaseClass.java:94)- Browser closed successfully
 INFO [main] (BaseClass.java:51)- Logger initialized
 INFO [main] (BaseClass.java:54)- Setting up the browser: chrome
 INFO [main] (BaseClass.java:57)- Launching Chrome browser
 INFO [main] (BaseClass.java:73)- Browser launched successfully
 INFO [main] (BaseClass.java:76)- Maximizing browser window
 INFO [main] (BaseClass.java:79)- Setting implicit wait to 20 seconds
 INFO [main] (BaseClass.java:83)- Navigating to application URL: https://tutorialsninja.com/demo/
 INFO [main] (BaseClass.java:85)- Application opened successfully
Starting Test: testCartItemDetails
 INFO [main] (TC07_AddToCartTest.java:15)- Starting test case: TC07_AddToCartTest
 INFO [main] (TC07_AddToCartTest.java:19)- Navigating to Home Page and searching for 'iPhone'
 INFO [main] (TC07_AddToCartTest.java:22)- 'iPhone' search initiated
 INFO [main] (TC07_AddToCartTest.java:25)- Navigating to Product Page to add 'iPhone' to the cart
 INFO [main] (TC07_AddToCartTest.java:28)- 'iPhone' added to the cart successfully
 INFO [main] (TC07_AddToCartTest.java:34)- Navigating to Cart Page to verify cart details
 INFO [main] (TC07_AddToCartTest.java:37)- Cart details retrieved: 
 INFO [main] (TC07_AddToCartTest.java:44)- Verification successful: 'iPhone' is present in the cart
 INFO [main] (TC07_AddToCartTest.java:51)- Test case completed: TC07_AddToCartTest
Test Passed: testCartItemDetails
]]></system-out>
    <system-err><![CDATA[Feb 06, 2025 8:40:53 PM org.openqa.selenium.devtools.CdpVersionFinder findNearestMatch
WARNING: Unable to find an exact match for CDP version 131, returning the closest version; found: 129; Please update to a Selenium version that supports CDP version 131
]]></system-err>
  </testcase>
  <testcase name="testHoverAndClick" classname="testCases.TC06_TestHoverAndClickAction" time="1.503">
    <system-out><![CDATA[ INFO [main] (BaseClass.java:92)- Closing the browser
 INFO [main] (BaseClass.java:94)- Browser closed successfully
 INFO [main] (BaseClass.java:51)- Logger initialized
 INFO [main] (BaseClass.java:54)- Setting up the browser: chrome
 INFO [main] (BaseClass.java:57)- Launching Chrome browser
 INFO [main] (BaseClass.java:73)- Browser launched successfully
 INFO [main] (BaseClass.java:76)- Maximizing browser window
 INFO [main] (BaseClass.java:79)- Setting implicit wait to 20 seconds
 INFO [main] (BaseClass.java:83)- Navigating to application URL: https://tutorialsninja.com/demo/
 INFO [main] (BaseClass.java:85)- Application opened successfully
Starting Test: testHoverAndClick
 INFO [main] (TC06_TestHoverAndClickAction.java:13)- Starting test case: testHoverAndClick
 INFO [main] (TC06_TestHoverAndClickAction.java:16)- Initialized ActionUtilities
 INFO [main] (TC06_TestHoverAndClickAction.java:19)- Initialized HomePage object
 INFO [main] (TC06_TestHoverAndClickAction.java:23)- Hovering over the 'Desktops' menu
 INFO [main] (TC06_TestHoverAndClickAction.java:26)- Successfully hovered over 'Desktops' menu
 INFO [main] (TC06_TestHoverAndClickAction.java:29)- Hovering over 'Show All Desktops' submenu
 INFO [main] (TC06_TestHoverAndClickAction.java:32)- Successfully hovered over 'Show All Desktops' submenu
 INFO [main] (TC06_TestHoverAndClickAction.java:34)- Clicking on 'Show All Desktops'
 INFO [main] (TC06_TestHoverAndClickAction.java:36)- Successfully clicked on 'Show All Desktops'
 INFO [main] (TC06_TestHoverAndClickAction.java:43)- Completed test case: testHoverAndClick
Test Passed: testHoverAndClick
]]></system-out>
    <system-err><![CDATA[Feb 06, 2025 8:41:04 PM org.openqa.selenium.devtools.CdpVersionFinder findNearestMatch
WARNING: Unable to find an exact match for CDP version 131, returning the closest version; found: 129; Please update to a Selenium version that supports CDP version 131
]]></system-err>
  </testcase>
  <testcase name="validateBrokenLinks" classname="testCases.TC05_BrokenLink" time="32.716">
    <system-out><![CDATA[ INFO [main] (BaseClass.java:92)- Closing the browser
 INFO [main] (BaseClass.java:94)- Browser closed successfully
 INFO [main] (BaseClass.java:51)- Logger initialized
 INFO [main] (BaseClass.java:54)- Setting up the browser: chrome
 INFO [main] (BaseClass.java:57)- Launching Chrome browser
 INFO [main] (BaseClass.java:73)- Browser launched successfully
 INFO [main] (BaseClass.java:76)- Maximizing browser window
 INFO [main] (BaseClass.java:79)- Setting implicit wait to 20 seconds
 INFO [main] (BaseClass.java:83)- Navigating to application URL: https://tutorialsninja.com/demo/
 INFO [main] (BaseClass.java:85)- Application opened successfully
Starting Test: validateBrokenLinks
 INFO [main] (TC05_BrokenLink.java:18)- Test Case: Validate Broken Links started
 INFO [main] (TC05_BrokenLink.java:22)- Fetching all links and images from the homepage
 INFO [main] (TC05_BrokenLink.java:24)- Total links including images found: 102
 INFO [main] (TC05_BrokenLink.java:26)- Filtering active links
 INFO [main] (TC05_BrokenLink.java:28)- Total active links found: 73
 INFO [main] (TC05_BrokenLink.java:44)- Valid link ---> [Status code: ] URL: 200 https://tutorialsninja.com/demo/index.php?route=information/contact
 INFO [main] (TC05_BrokenLink.java:44)- Valid link ---> [Status code: ] URL: 200 https://tutorialsninja.com/demo/index.php?route=account/account
 INFO [main] (TC05_BrokenLink.java:44)- Valid link ---> [Status code: ] URL: 200 https://tutorialsninja.com/demo/index.php?route=account/register
 INFO [main] (TC05_BrokenLink.java:44)- Valid link ---> [Status code: ] URL: 200 https://tutorialsninja.com/demo/index.php?route=account/login
 INFO [main] (TC05_BrokenLink.java:44)- Valid link ---> [Status code: ] URL: 200 https://tutorialsninja.com/demo/index.php?route=account/wishlist
 INFO [main] (TC05_BrokenLink.java:44)- Valid link ---> [Status code: ] URL: 200 https://tutorialsninja.com/demo/index.php?route=checkout/cart
 INFO [main] (TC05_BrokenLink.java:44)- Valid link ---> [Status code: ] URL: 200 https://tutorialsninja.com/demo/index.php?route=checkout/checkout
 INFO [main] (TC05_BrokenLink.java:44)- Valid link ---> [Status code: ] URL: 200 https://tutorialsninja.com/demo/index.php?route=common/home
 INFO [main] (TC05_BrokenLink.java:44)- Valid link ---> [Status code: ] URL: 200 https://tutorialsninja.com/demo/index.php?route=product/category&path=20
 INFO [main] (TC05_BrokenLink.java:44)- Valid link ---> [Status code: ] URL: 200 https://tutorialsninja.com/demo/index.php?route=product/category&path=20_26
 INFO [main] (TC05_BrokenLink.java:44)- Valid link ---> [Status code: ] URL: 200 https://tutorialsninja.com/demo/index.php?route=product/category&path=20_27
 INFO [main] (TC05_BrokenLink.java:44)- Valid link ---> [Status code: ] URL: 200 https://tutorialsninja.com/demo/index.php?route=product/category&path=20
 INFO [main] (TC05_BrokenLink.java:44)- Valid link ---> [Status code: ] URL: 200 https://tutorialsninja.com/demo/index.php?route=product/category&path=18
 INFO [main] (TC05_BrokenLink.java:44)- Valid link ---> [Status code: ] URL: 200 https://tutorialsninja.com/demo/index.php?route=product/category&path=18_46
 INFO [main] (TC05_BrokenLink.java:44)- Valid link ---> [Status code: ] URL: 200 https://tutorialsninja.com/demo/index.php?route=product/category&path=18_45
 INFO [main] (TC05_BrokenLink.java:44)- Valid link ---> [Status code: ] URL: 200 https://tutorialsninja.com/demo/index.php?route=product/category&path=18
 INFO [main] (TC05_BrokenLink.java:44)- Valid link ---> [Status code: ] URL: 200 https://tutorialsninja.com/demo/index.php?route=product/category&path=25
 INFO [main] (TC05_BrokenLink.java:44)- Valid link ---> [Status code: ] URL: 200 https://tutorialsninja.com/demo/index.php?route=product/category&path=25_29
 INFO [main] (TC05_BrokenLink.java:44)- Valid link ---> [Status code: ] URL: 200 https://tutorialsninja.com/demo/index.php?route=product/category&path=25_28
 INFO [main] (TC05_BrokenLink.java:44)- Valid link ---> [Status code: ] URL: 200 https://tutorialsninja.com/demo/index.php?route=product/category&path=25_30
 INFO [main] (TC05_BrokenLink.java:44)- Valid link ---> [Status code: ] URL: 200 https://tutorialsninja.com/demo/index.php?route=product/category&path=25_31
 INFO [main] (TC05_BrokenLink.java:44)- Valid link ---> [Status code: ] URL: 200 https://tutorialsninja.com/demo/index.php?route=product/category&path=25_32
 INFO [main] (TC05_BrokenLink.java:44)- Valid link ---> [Status code: ] URL: 200 https://tutorialsninja.com/demo/index.php?route=product/category&path=25
 INFO [main] (TC05_BrokenLink.java:44)- Valid link ---> [Status code: ] URL: 200 https://tutorialsninja.com/demo/index.php?route=product/category&path=57
 INFO [main] (TC05_BrokenLink.java:44)- Valid link ---> [Status code: ] URL: 200 https://tutorialsninja.com/demo/index.php?route=product/category&path=17
 INFO [main] (TC05_BrokenLink.java:44)- Valid link ---> [Status code: ] URL: 200 https://tutorialsninja.com/demo/index.php?route=product/category&path=24
 INFO [main] (TC05_BrokenLink.java:44)- Valid link ---> [Status code: ] URL: 200 https://tutorialsninja.com/demo/index.php?route=product/category&path=33
 INFO [main] (TC05_BrokenLink.java:44)- Valid link ---> [Status code: ] URL: 200 https://tutorialsninja.com/demo/index.php?route=product/category&path=34
 INFO [main] (TC05_BrokenLink.java:44)- Valid link ---> [Status code: ] URL: 200 https://tutorialsninja.com/demo/index.php?route=product/category&path=34_43
 INFO [main] (TC05_BrokenLink.java:44)- Valid link ---> [Status code: ] URL: 200 https://tutorialsninja.com/demo/index.php?route=product/category&path=34_44
 INFO [main] (TC05_BrokenLink.java:44)- Valid link ---> [Status code: ] URL: 200 https://tutorialsninja.com/demo/index.php?route=product/category&path=34_47
 INFO [main] (TC05_BrokenLink.java:44)- Valid link ---> [Status code: ] URL: 200 https://tutorialsninja.com/demo/index.php?route=product/category&path=34_48
 INFO [main] (TC05_BrokenLink.java:44)- Valid link ---> [Status code: ] URL: 200 https://tutorialsninja.com/demo/index.php?route=product/category&path=34_49
 INFO [main] (TC05_BrokenLink.java:44)- Valid link ---> [Status code: ] URL: 200 https://tutorialsninja.com/demo/index.php?route=product/category&path=34_50
 INFO [main] (TC05_BrokenLink.java:44)- Valid link ---> [Status code: ] URL: 200 https://tutorialsninja.com/demo/index.php?route=product/category&path=34_51
 INFO [main] (TC05_BrokenLink.java:44)- Valid link ---> [Status code: ] URL: 200 https://tutorialsninja.com/demo/index.php?route=product/category&path=34_52
 INFO [main] (TC05_BrokenLink.java:44)- Valid link ---> [Status code: ] URL: 200 https://tutorialsninja.com/demo/index.php?route=product/category&path=34_53
 INFO [main] (TC05_BrokenLink.java:44)- Valid link ---> [Status code: ] URL: 200 https://tutorialsninja.com/demo/index.php?route=product/category&path=34_54
 INFO [main] (TC05_BrokenLink.java:44)- Valid link ---> [Status code: ] URL: 200 https://tutorialsninja.com/demo/index.php?route=product/category&path=34_55
 INFO [main] (TC05_BrokenLink.java:44)- Valid link ---> [Status code: ] URL: 200 https://tutorialsninja.com/demo/index.php?route=product/category&path=34_56
 INFO [main] (TC05_BrokenLink.java:44)- Valid link ---> [Status code: ] URL: 200 https://tutorialsninja.com/demo/index.php?route=product/category&path=34_38
 INFO [main] (TC05_BrokenLink.java:44)- Valid link ---> [Status code: ] URL: 200 https://tutorialsninja.com/demo/index.php?route=product/category&path=34_37
 INFO [main] (TC05_BrokenLink.java:44)- Valid link ---> [Status code: ] URL: 200 https://tutorialsninja.com/demo/index.php?route=product/category&path=34_39
 INFO [main] (TC05_BrokenLink.java:44)- Valid link ---> [Status code: ] URL: 200 https://tutorialsninja.com/demo/index.php?route=product/category&path=34_40
 INFO [main] (TC05_BrokenLink.java:44)- Valid link ---> [Status code: ] URL: 200 https://tutorialsninja.com/demo/index.php?route=product/category&path=34_41
 INFO [main] (TC05_BrokenLink.java:44)- Valid link ---> [Status code: ] URL: 200 https://tutorialsninja.com/demo/index.php?route=product/category&path=34_42
 INFO [main] (TC05_BrokenLink.java:44)- Valid link ---> [Status code: ] URL: 200 https://tutorialsninja.com/demo/index.php?route=product/category&path=34
 INFO [main] (TC05_BrokenLink.java:44)- Valid link ---> [Status code: ] URL: 200 https://tutorialsninja.com/demo/index.php?route=product/product&path=57&product_id=49
 INFO [main] (TC05_BrokenLink.java:44)- Valid link ---> [Status code: ] URL: 200 https://tutorialsninja.com/demo/index.php?route=product/product&path=57&product_id=49
 INFO [main] (TC05_BrokenLink.java:44)- Valid link ---> [Status code: ] URL: 200 https://tutorialsninja.com/demo/index.php?route=product/product&product_id=43
 INFO [main] (TC05_BrokenLink.java:44)- Valid link ---> [Status code: ] URL: 200 https://tutorialsninja.com/demo/index.php?route=product/product&product_id=43
 INFO [main] (TC05_BrokenLink.java:44)- Valid link ---> [Status code: ] URL: 200 https://tutorialsninja.com/demo/index.php?route=product/product&product_id=40
 INFO [main] (TC05_BrokenLink.java:44)- Valid link ---> [Status code: ] URL: 200 https://tutorialsninja.com/demo/index.php?route=product/product&product_id=40
 INFO [main] (TC05_BrokenLink.java:44)- Valid link ---> [Status code: ] URL: 200 https://tutorialsninja.com/demo/index.php?route=product/product&product_id=42
 INFO [main] (TC05_BrokenLink.java:44)- Valid link ---> [Status code: ] URL: 200 https://tutorialsninja.com/demo/index.php?route=product/product&product_id=42
 INFO [main] (TC05_BrokenLink.java:44)- Valid link ---> [Status code: ] URL: 200 https://tutorialsninja.com/demo/index.php?route=product/product&product_id=30
 INFO [main] (TC05_BrokenLink.java:44)- Valid link ---> [Status code: ] URL: 200 https://tutorialsninja.com/demo/index.php?route=product/product&product_id=30
 INFO [main] (TC05_BrokenLink.java:44)- Valid link ---> [Status code: ] URL: 200 https://tutorialsninja.com/demo/index.php?route=information/information&information_id=4
 INFO [main] (TC05_BrokenLink.java:44)- Valid link ---> [Status code: ] URL: 200 https://tutorialsninja.com/demo/index.php?route=information/information&information_id=6
 INFO [main] (TC05_BrokenLink.java:44)- Valid link ---> [Status code: ] URL: 200 https://tutorialsninja.com/demo/index.php?route=information/information&information_id=3
 INFO [main] (TC05_BrokenLink.java:44)- Valid link ---> [Status code: ] URL: 200 https://tutorialsninja.com/demo/index.php?route=information/information&information_id=5
 INFO [main] (TC05_BrokenLink.java:44)- Valid link ---> [Status code: ] URL: 200 https://tutorialsninja.com/demo/index.php?route=information/contact
 INFO [main] (TC05_BrokenLink.java:44)- Valid link ---> [Status code: ] URL: 200 https://tutorialsninja.com/demo/index.php?route=account/return/add
 INFO [main] (TC05_BrokenLink.java:44)- Valid link ---> [Status code: ] URL: 200 https://tutorialsninja.com/demo/index.php?route=information/sitemap
 INFO [main] (TC05_BrokenLink.java:44)- Valid link ---> [Status code: ] URL: 200 https://tutorialsninja.com/demo/index.php?route=product/manufacturer
 INFO [main] (TC05_BrokenLink.java:44)- Valid link ---> [Status code: ] URL: 200 https://tutorialsninja.com/demo/index.php?route=account/voucher
 INFO [main] (TC05_BrokenLink.java:44)- Valid link ---> [Status code: ] URL: 200 https://tutorialsninja.com/demo/index.php?route=affiliate/login
 INFO [main] (TC05_BrokenLink.java:44)- Valid link ---> [Status code: ] URL: 200 https://tutorialsninja.com/demo/index.php?route=product/special
 INFO [main] (TC05_BrokenLink.java:44)- Valid link ---> [Status code: ] URL: 200 https://tutorialsninja.com/demo/index.php?route=account/account
 INFO [main] (TC05_BrokenLink.java:44)- Valid link ---> [Status code: ] URL: 200 https://tutorialsninja.com/demo/index.php?route=account/order
 INFO [main] (TC05_BrokenLink.java:44)- Valid link ---> [Status code: ] URL: 200 https://tutorialsninja.com/demo/index.php?route=account/wishlist
 INFO [main] (TC05_BrokenLink.java:44)- Valid link ---> [Status code: ] URL: 200 https://tutorialsninja.com/demo/index.php?route=account/newsletter
 INFO [main] (TC05_BrokenLink.java:44)- Valid link ---> [Status code: ] URL: 301 http://www.opencart.com/
 INFO [main] (TC05_BrokenLink.java:51)- Number of broken links: 0
 INFO [main] (TC05_BrokenLink.java:53)- Test Case: Validate Broken Links completed
Test Passed: validateBrokenLinks
]]></system-out>
    <system-err><![CDATA[Feb 06, 2025 8:41:09 PM org.openqa.selenium.devtools.CdpVersionFinder findNearestMatch
WARNING: Unable to find an exact match for CDP version 131, returning the closest version; found: 129; Please update to a Selenium version that supports CDP version 131
]]></system-err>
  </testcase>
  <testcase name="Verify_LoginSST[Python123@gmail.com, Java@123, Valid](1)" classname="testCases.TC04_LoginDDT" time="1.958">
    <system-out><![CDATA[ INFO [main] (BaseClass.java:92)- Closing the browser
 INFO [main] (BaseClass.java:94)- Browser closed successfully
 INFO [main] (BaseClass.java:51)- Logger initialized
 INFO [main] (BaseClass.java:54)- Setting up the browser: chrome
 INFO [main] (BaseClass.java:57)- Launching Chrome browser
 INFO [main] (BaseClass.java:73)- Browser launched successfully
 INFO [main] (BaseClass.java:76)- Maximizing browser window
 INFO [main] (BaseClass.java:79)- Setting implicit wait to 20 seconds
 INFO [main] (BaseClass.java:83)- Navigating to application URL: https://tutorialsninja.com/demo/
 INFO [main] (BaseClass.java:85)- Application opened successfully
 INFO [main] (TC04_LoginDDT.java:74)- Fetching data from Excel file for data-driven testing
 INFO [main] (TC04_LoginDDT.java:82)- Total rows: 5, Total columns: 3
 INFO [main] (TC04_LoginDDT.java:90)- Read data from Excel: [0][0] = Python123@gmail.com
 INFO [main] (TC04_LoginDDT.java:90)- Read data from Excel: [0][1] = Java@123
 INFO [main] (TC04_LoginDDT.java:90)- Read data from Excel: [0][2] = Valid
 INFO [main] (TC04_LoginDDT.java:90)- Read data from Excel: [1][0] = Rohit@yahoo.com
 INFO [main] (TC04_LoginDDT.java:90)- Read data from Excel: [1][1] = Laxmi
 INFO [main] (TC04_LoginDDT.java:90)- Read data from Excel: [1][2] = Invalid
 INFO [main] (TC04_LoginDDT.java:90)- Read data from Excel: [2][0] = Rahul@yahoo.com
 INFO [main] (TC04_LoginDDT.java:90)- Read data from Excel: [2][1] = Lakshmi
 INFO [main] (TC04_LoginDDT.java:90)- Read data from Excel: [2][2] = Invalid
 INFO [main] (TC04_LoginDDT.java:90)- Read data from Excel: [3][0] = laks@yahoo.com
 INFO [main] (TC04_LoginDDT.java:90)- Read data from Excel: [3][1] = xyz
 INFO [main] (TC04_LoginDDT.java:90)- Read data from Excel: [3][2] = Invalid
 INFO [main] (TC04_LoginDDT.java:90)- Read data from Excel: [4][0] = abc123@gmail.com
 INFO [main] (TC04_LoginDDT.java:90)- Read data from Excel: [4][1] = test@123
 INFO [main] (TC04_LoginDDT.java:90)- Read data from Excel: [4][2] = Valid
 INFO [main] (TC04_LoginDDT.java:94)- Data fetching completed
Starting Test: Verify_LoginSST
 INFO [main] (TC04_LoginDDT.java:19)- Starting Test Case: TC04_LoginDDT
 INFO [main] (TC04_LoginDDT.java:22)- Navigating to the Home Page
 INFO [main] (TC04_LoginDDT.java:25)- Clicking on 'My Account'
 INFO [main] (TC04_LoginDDT.java:30)- Attempting login with email: Python123@gmail.com and password: Java@123
 INFO [main] (TC04_LoginDDT.java:41)- Expected login status: Valid
 INFO [main] (TC04_LoginDDT.java:43)- Login successful, navigating to logout
 INFO [main] (TC04_LoginDDT.java:46)- Logout successful
 INFO [main] (TC04_LoginDDT.java:69)- Test Case Completed: TC04_LoginDDT
Test Passed: Verify_LoginSST
]]></system-out>
    <system-err><![CDATA[Feb 06, 2025 8:41:46 PM org.openqa.selenium.devtools.CdpVersionFinder findNearestMatch
WARNING: Unable to find an exact match for CDP version 131, returning the closest version; found: 129; Please update to a Selenium version that supports CDP version 131
]]></system-err>
  </testcase>
  <testcase name="Verify_LoginSST[Rohit@yahoo.com, Laxmi, Invalid](2)" classname="testCases.TC04_LoginDDT" time="16.02">
    <system-out><![CDATA[Starting Test: Verify_LoginSST
 INFO [main] (TC04_LoginDDT.java:19)- Starting Test Case: TC04_LoginDDT
 INFO [main] (TC04_LoginDDT.java:22)- Navigating to the Home Page
 INFO [main] (TC04_LoginDDT.java:25)- Clicking on 'My Account'
 INFO [main] (TC04_LoginDDT.java:30)- Attempting login with email: Rohit@yahoo.com and password: Laxmi
 INFO [main] (TC04_LoginDDT.java:54)- Expected login status: Invalid
 INFO [main] (TC04_LoginDDT.java:59)- Login test passed for invalid credentials
 INFO [main] (TC04_LoginDDT.java:69)- Test Case Completed: TC04_LoginDDT
Test Passed: Verify_LoginSST
]]></system-out>
  </testcase>
  <testcase name="Verify_LoginSST[Rahul@yahoo.com, Lakshmi, Invalid](3)" classname="testCases.TC04_LoginDDT" time="16.336">
    <system-out><![CDATA[Starting Test: Verify_LoginSST
 INFO [main] (TC04_LoginDDT.java:19)- Starting Test Case: TC04_LoginDDT
 INFO [main] (TC04_LoginDDT.java:22)- Navigating to the Home Page
 INFO [main] (TC04_LoginDDT.java:25)- Clicking on 'My Account'
 INFO [main] (TC04_LoginDDT.java:30)- Attempting login with email: Rahul@yahoo.com and password: Lakshmi
 INFO [main] (TC04_LoginDDT.java:54)- Expected login status: Invalid
 INFO [main] (TC04_LoginDDT.java:59)- Login test passed for invalid credentials
 INFO [main] (TC04_LoginDDT.java:69)- Test Case Completed: TC04_LoginDDT
Test Passed: Verify_LoginSST
]]></system-out>
  </testcase>
  <testcase name="Verify_LoginSST[laks@yahoo.com, xyz, Invalid](4)" classname="testCases.TC04_LoginDDT" time="16.887">
    <system-out><![CDATA[Starting Test: Verify_LoginSST
 INFO [main] (TC04_LoginDDT.java:19)- Starting Test Case: TC04_LoginDDT
 INFO [main] (TC04_LoginDDT.java:22)- Navigating to the Home Page
 INFO [main] (TC04_LoginDDT.java:25)- Clicking on 'My Account'
 INFO [main] (TC04_LoginDDT.java:30)- Attempting login with email: laks@yahoo.com and password: xyz
 INFO [main] (TC04_LoginDDT.java:54)- Expected login status: Invalid
 INFO [main] (TC04_LoginDDT.java:59)- Login test passed for invalid credentials
 INFO [main] (TC04_LoginDDT.java:69)- Test Case Completed: TC04_LoginDDT
Test Passed: Verify_LoginSST
]]></system-out>
  </testcase>
  <testcase name="Verify_LoginSST[abc123@gmail.com, test@123, Valid](5)" classname="testCases.TC04_LoginDDT" time="1.903">
    <system-out><![CDATA[Starting Test: Verify_LoginSST
 INFO [main] (TC04_LoginDDT.java:19)- Starting Test Case: TC04_LoginDDT
 INFO [main] (TC04_LoginDDT.java:22)- Navigating to the Home Page
 INFO [main] (TC04_LoginDDT.java:25)- Clicking on 'My Account'
 INFO [main] (TC04_LoginDDT.java:30)- Attempting login with email: abc123@gmail.com and password: test@123
 INFO [main] (TC04_LoginDDT.java:41)- Expected login status: Valid
 INFO [main] (TC04_LoginDDT.java:43)- Login successful, navigating to logout
 INFO [main] (TC04_LoginDDT.java:46)- Logout successful
 INFO [main] (TC04_LoginDDT.java:69)- Test Case Completed: TC04_LoginDDT
Test Passed: Verify_LoginSST
]]></system-out>
  </testcase>
  <testcase name="testSearchFunctionality[Samsung, true](1)" classname="testCases.TC03_SearchTest" time="0.554">
    <system-out><![CDATA[ INFO [main] (BaseClass.java:92)- Closing the browser
 INFO [main] (BaseClass.java:94)- Browser closed successfully
 INFO [main] (BaseClass.java:51)- Logger initialized
 INFO [main] (BaseClass.java:54)- Setting up the browser: chrome
 INFO [main] (BaseClass.java:57)- Launching Chrome browser
 INFO [main] (BaseClass.java:73)- Browser launched successfully
 INFO [main] (BaseClass.java:76)- Maximizing browser window
 INFO [main] (BaseClass.java:79)- Setting implicit wait to 20 seconds
 INFO [main] (BaseClass.java:83)- Navigating to application URL: https://tutorialsninja.com/demo/
 INFO [main] (BaseClass.java:85)- Application opened successfully
Starting Test: testSearchFunctionality
 INFO [main] (TC03_SearchTest.java:22)- Starting test Search Functionality with product -->Samsung
 INFO [main] (TC03_SearchTest.java:25)- Entering search keyword:-->Samsung
 INFO [main] (TC03_SearchTest.java:29)- Clicking on the search button.
 INFO [main] (TC03_SearchTest.java:34)- Verifying that the product is displayed for keyword: Samsung
 INFO [main] (TC03_SearchTest.java:36)- Product Found: {}Samsung SyncMaster 941BW
 INFO [main] (TC03_SearchTest.java:45)- Test completed for product:Samsung
Test Passed: testSearchFunctionality
]]></system-out>
    <system-err><![CDATA[Feb 06, 2025 8:42:44 PM org.openqa.selenium.devtools.CdpVersionFinder findNearestMatch
WARNING: Unable to find an exact match for CDP version 131, returning the closest version; found: 129; Please update to a Selenium version that supports CDP version 131
]]></system-err>
  </testcase>
  <testcase name="testSearchFunctionality[iphone, true](2)" classname="testCases.TC03_SearchTest" time="0.472">
    <system-out><![CDATA[Starting Test: testSearchFunctionality
 INFO [main] (TC03_SearchTest.java:22)- Starting test Search Functionality with product -->iphone
 INFO [main] (TC03_SearchTest.java:25)- Entering search keyword:-->iphone
 INFO [main] (TC03_SearchTest.java:29)- Clicking on the search button.
 INFO [main] (TC03_SearchTest.java:34)- Verifying that the product is displayed for keyword: iphone
 INFO [main] (TC03_SearchTest.java:36)- Product Found: {}iPhone
 INFO [main] (TC03_SearchTest.java:45)- Test completed for product:iphone
Test Passed: testSearchFunctionality
]]></system-out>
  </testcase>
  <testcase name="testSearchFunctionality[Macbook, true](3)" classname="testCases.TC03_SearchTest" time="0.518">
    <system-out><![CDATA[Starting Test: testSearchFunctionality
 INFO [main] (TC03_SearchTest.java:22)- Starting test Search Functionality with product -->Macbook
 INFO [main] (TC03_SearchTest.java:25)- Entering search keyword:-->Macbook
 INFO [main] (TC03_SearchTest.java:29)- Clicking on the search button.
 INFO [main] (TC03_SearchTest.java:34)- Verifying that the product is displayed for keyword: Macbook
 INFO [main] (TC03_SearchTest.java:36)- Product Found: {}MacBook
 INFO [main] (TC03_SearchTest.java:45)- Test completed for product:Macbook
Test Passed: testSearchFunctionality
]]></system-out>
  </testcase>
  <testcase name="verify_Login" classname="testCases.TC02_LoginTest" time="2.246">
    <system-out><![CDATA[ INFO [main] (BaseClass.java:92)- Closing the browser
 INFO [main] (BaseClass.java:94)- Browser closed successfully
 INFO [main] (BaseClass.java:51)- Logger initialized
 INFO [main] (BaseClass.java:54)- Setting up the browser: chrome
 INFO [main] (BaseClass.java:57)- Launching Chrome browser
 INFO [main] (BaseClass.java:73)- Browser launched successfully
 INFO [main] (BaseClass.java:76)- Maximizing browser window
 INFO [main] (BaseClass.java:79)- Setting implicit wait to 20 seconds
 INFO [main] (BaseClass.java:83)- Navigating to application URL: https://tutorialsninja.com/demo/
 INFO [main] (BaseClass.java:85)- Application opened successfully
Starting Test: verify_Login
 INFO [main] (TC02_LoginTest.java:14)- ***** Starting Test Case: TC02_LoginTest *****
 INFO [main] (TC02_LoginTest.java:18)- Navigating to the Home Page.
 INFO [main] (TC02_LoginTest.java:21)- Clicking on 'My Account'.
 INFO [main] (TC02_LoginTest.java:24)- Clicking on 'Login'.
 INFO [main] (TC02_LoginTest.java:28)- Navigating to the Login Page.
 INFO [main] (TC02_LoginTest.java:31)- Entering email address: Python123@gmail.com
 INFO [main] (TC02_LoginTest.java:34)- Entering password: [hidden]
 INFO [main] (TC02_LoginTest.java:37)- Clicking on 'Login' button.
 INFO [main] (TC02_LoginTest.java:41)- Navigating to the 'My Account' page.
 INFO [main] (TC02_LoginTest.java:44)- Validating if 'My Account' page is displayed.
 INFO [main] (TC02_LoginTest.java:48)- 'My Account' page validated successfully. Logging out.
 INFO [main] (TC02_LoginTest.java:56)- ***** Test Case Completed: TC02_LoginTest *****
Test Passed: verify_Login
]]></system-out>
    <system-err><![CDATA[Feb 06, 2025 8:42:51 PM org.openqa.selenium.devtools.CdpVersionFinder findNearestMatch
WARNING: Unable to find an exact match for CDP version 131, returning the closest version; found: 129; Please update to a Selenium version that supports CDP version 131
]]></system-err>
  </testcase>
  <testcase name="Verifry_Account_Registration" classname="testCases.TC01_AccountRegistrationTest" time="2.041">
    <system-out><![CDATA[ INFO [main] (BaseClass.java:92)- Closing the browser
 INFO [main] (BaseClass.java:94)- Browser closed successfully
 INFO [main] (BaseClass.java:51)- Logger initialized
 INFO [main] (BaseClass.java:54)- Setting up the browser: chrome
 INFO [main] (BaseClass.java:57)- Launching Chrome browser
 INFO [main] (BaseClass.java:73)- Browser launched successfully
 INFO [main] (BaseClass.java:76)- Maximizing browser window
 INFO [main] (BaseClass.java:79)- Setting implicit wait to 20 seconds
 INFO [main] (BaseClass.java:83)- Navigating to application URL: https://tutorialsninja.com/demo/
 INFO [main] (BaseClass.java:85)- Application opened successfully
Starting Test: Verifry_Account_Registration
 INFO [main] (TC01_AccountRegistrationTest.java:15)- ***** Starting Test Case: TC01_AccountRegistrationTest *****
 INFO [main] (TC01_AccountRegistrationTest.java:19)- Navigating to the Home Page.
 INFO [main] (TC01_AccountRegistrationTest.java:22)- Clicking on 'My Account'.
 INFO [main] (TC01_AccountRegistrationTest.java:25)- Clicking on 'Register'.
 INFO [main] (TC01_AccountRegistrationTest.java:29)- Filling out registration details.
 INFO [main] (Genericutils.java:69)- Generated random string: gtZsJ
 INFO [main] (TC01_AccountRegistrationTest.java:33)- Generated First Name: gtzsj
 INFO [main] (Genericutils.java:69)- Generated random string: KYTHY
 INFO [main] (TC01_AccountRegistrationTest.java:37)- Generated Last Name: KYTHY
 INFO [main] (Genericutils.java:85)- Generated random alphanumeric string: fNim259
 INFO [main] (TC01_AccountRegistrationTest.java:41)- Generated Email: fNim259@gmail.com
 INFO [main] (Genericutils.java:76)- Generated random number: 6302759442
 INFO [main] (TC01_AccountRegistrationTest.java:45)- Generated Phone Number: 6302759442
 INFO [main] (Genericutils.java:85)- Generated random alphanumeric string: AJpR561
 INFO [main] (TC01_AccountRegistrationTest.java:49)- Generated Password: [hidden]
 INFO [main] (TC01_AccountRegistrationTest.java:53)- Accepting privacy policy.
 INFO [main] (TC01_AccountRegistrationTest.java:56)- Clicking on 'Continue' to complete registration.
 INFO [main] (TC01_AccountRegistrationTest.java:60)- Validating expected confirmation message.
 INFO [main] (TC01_AccountRegistrationTest.java:62)- Confirmation Message Retrieved: Your Account Has Been Created!
 INFO [main] (TC01_AccountRegistrationTest.java:65)- Account registration successful.
 INFO [main] (TC01_AccountRegistrationTest.java:76)- ***** Finished Test Case: TC01_AccountRegistrationTest *****
Test Passed: Verifry_Account_Registration
]]></system-out>
    <system-err><![CDATA[Feb 06, 2025 8:42:57 PM org.openqa.selenium.devtools.CdpVersionFinder findNearestMatch
WARNING: Unable to find an exact match for CDP version 131, returning the closest version; found: 129; Please update to a Selenium version that supports CDP version 131
]]></system-err>
  </testcase>
</testsuite>