<?xml version="1.0" encoding="UTF-8"?>
<!-- Generated by org.testng.reporters.JUnitReportReporter -->
<testsuite hostname="MSI" failures="0" tests="1" name="testCases.TC05_BrokenLink" time="29.738" errors="0" timestamp="2025-02-06T19:30:05 IST" skipped="0">
  <testcase classname="testCases.TC05_BrokenLink" name="validateBrokenLinks" time="29.738"/>
  <system-out/>
</testsuite> <!-- testCases.TC05_BrokenLink -->
