<?xml version="1.0" encoding="UTF-8"?>
<!-- Generated by org.testng.reporters.JUnitReportReporter -->
<testsuite hostname="MSI" failures="0" tests="1" name="testCases.TC06_TestHoverAndClickAction" time="2.519" errors="0" timestamp="2025-02-06T15:29:08 IST" skipped="0">
  <testcase classname="testCases.TC06_TestHoverAndClickAction" name="testHoverAndClick" time="2.519"/>
  <system-out/>
</testsuite> <!-- testCases.TC06_TestHoverAndClickAction -->
