<?xml version="1.0" encoding="UTF-8"?>
<!-- Generated by org.testng.reporters.JUnitReportReporter -->
<testsuite hostname="MSI" failures="0" tests="1" name="testCases.TC01_AccountRegistrationTest" time="4.533" errors="0" timestamp="2025-02-06T19:30:05 IST" skipped="0">
  <testcase classname="testCases.TC01_AccountRegistrationTest" name="Verifry_Account_Registration" time="4.533"/>
  <system-out/>
</testsuite> <!-- testCases.TC01_AccountRegistrationTest -->
