<?xml version="1.0" encoding="UTF-8"?>
<!-- Generated by org.testng.reporters.JUnitReportReporter -->
<testsuite hostname="MSI" failures="0" tests="3" name="testCases.TC03_SearchTest" time="5.346" errors="0" timestamp="2025-02-06T15:29:08 IST" skipped="0">
  <testcase classname="testCases.TC03_SearchTest" name="testSearchFunctionality" time="1.799"/>
  <system-out/>
  <testcase classname="testCases.TC03_SearchTest" name="testSearchFunctionality" time="1.924"/>
  <system-out/>
  <testcase classname="testCases.TC03_SearchTest" name="testSearchFunctionality" time="1.623"/>
  <system-out/>
</testsuite> <!-- testCases.TC03_SearchTest -->
