<?xml version="1.0" encoding="UTF-8"?>
<!-- Generated by org.testng.reporters.JUnitReportReporter -->
<testsuite hostname="MSI" failures="0" tests="5" name="testCases.TC04_LoginDDT" time="62.229" errors="0" timestamp="2025-02-06T15:29:08 IST" skipped="0">
  <testcase classname="testCases.TC04_LoginDDT" name="Verify_LoginSST" time="17.162"/>
  <system-out/>
  <testcase classname="testCases.TC04_LoginDDT" name="Verify_LoginSST" time="4.905"/>
  <system-out/>
  <testcase classname="testCases.TC04_LoginDDT" name="Verify_LoginSST" time="16.817"/>
  <system-out/>
  <testcase classname="testCases.TC04_LoginDDT" name="Verify_LoginSST" time="5.396"/>
  <system-out/>
  <testcase classname="testCases.TC04_LoginDDT" name="Verify_LoginSST" time="17.949"/>
  <system-out/>
</testsuite> <!-- testCases.TC04_LoginDDT -->
