<?xml version="1.0" encoding="UTF-8"?>
<!-- Generated by org.testng.reporters.JUnitReportReporter -->
<testsuite hostname="MSI" failures="0" tests="3" name="testCases.TC03_SearchTest" time="1.279" errors="0" timestamp="2025-02-06T19:30:05 IST" skipped="0">
  <testcase classname="testCases.TC03_SearchTest" name="testSearchFunctionality" time="0.406"/>
  <system-out/>
  <testcase classname="testCases.TC03_SearchTest" name="testSearchFunctionality" time="0.463"/>
  <system-out/>
  <testcase classname="testCases.TC03_SearchTest" name="testSearchFunctionality" time="0.410"/>
  <system-out/>
</testsuite> <!-- testCases.TC03_SearchTest -->
