<?xml version="1.0" encoding="UTF-8"?>
<!-- Generated by org.testng.reporters.JUnitReportReporter -->
<testsuite hostname="MSI" failures="0" tests="1" name="testCases.TC02_LoginTest" time="1.540" errors="0" timestamp="2025-02-06T19:30:05 IST" skipped="0">
  <testcase classname="testCases.TC02_LoginTest" name="verify_Login" time="1.540"/>
  <system-out/>
</testsuite> <!-- testCases.TC02_LoginTest -->
