<?xml version="1.0" encoding="UTF-8"?>
<!-- Generated by org.testng.reporters.JUnitReportReporter -->
<testsuite hostname="MSI" failures="0" tests="1" name="testCases.TC01_AccountRegistrationTest" time="5.212" errors="0" timestamp="2025-02-06T15:29:08 IST" skipped="0">
  <testcase classname="testCases.TC01_AccountRegistrationTest" name="Verifry_Account_Registration" time="5.212"/>
  <system-out/>
</testsuite> <!-- testCases.TC01_AccountRegistrationTest -->
