<?xml version="1.0" encoding="UTF-8"?>
<!-- Generated by org.testng.reporters.JUnitReportReporter -->
<testsuite hostname="MSI" failures="0" tests="1" name="testCases.TC08_HomePageLogo" time="0.014" errors="0" timestamp="2025-02-06T19:30:05 IST" skipped="0">
  <testcase classname="testCases.TC08_HomePageLogo" name="Methofname" time="0.014"/>
  <system-out/>
</testsuite> <!-- testCases.TC08_HomePageLogo -->
