<?xml version="1.0" encoding="UTF-8"?>
<!-- Generated by org.testng.reporters.JUnitReportReporter -->
<testsuite hostname="Ranjeet-MacBook-Pro.local" failures="0" tests="5" name="testCases.TC003_LoginDDT" time="79.922" errors="0" timestamp="2025-01-23T19:38:07 IST" skipped="0">
  <testcase classname="testCases.TC003_LoginDDT" name="verify_loginDDT" time="3.686"/>
  <testcase classname="testCases.TC003_LoginDDT" name="verify_loginDDT" time="5.678"/>
  <testcase classname="testCases.TC003_LoginDDT" name="verify_loginDDT" time="23.738"/>
  <testcase classname="testCases.TC003_LoginDDT" name="verify_loginDDT" time="23.230"/>
  <testcase classname="testCases.TC003_LoginDDT" name="verify_loginDDT" time="23.590"/>
</testsuite> <!-- testCases.TC003_LoginDDT -->
