<?xml version="1.0" encoding="UTF-8"?>
<!-- Generated by org.testng.reporters.JUnitReportReporter -->
<testsuite hostname="MSI" failures="0" tests="3" name="testCases.TC03_SearchTest" time="1.541" errors="0" timestamp="2025-02-06T20:43:00 IST" skipped="0">
  <testcase classname="testCases.TC03_SearchTest" name="testSearchFunctionality" time="0.517"/>
  <testcase classname="testCases.TC03_SearchTest" name="testSearchFunctionality" time="0.552"/>
  <testcase classname="testCases.TC03_SearchTest" name="testSearchFunctionality" time="0.472"/>
</testsuite> <!-- testCases.TC03_SearchTest -->
