<?xml version="1.0" encoding="UTF-8"?>
<!-- Generated by org.testng.reporters.JUnitReportReporter -->
<testsuite hostname="Ranjeet-MacBook-Pro.local" failures="0" tests="1" name="testCases.TC01_AccountRegistrationTest" time="6.130" errors="0" timestamp="2025-01-27T20:26:37 IST" skipped="0">
  <testcase classname="testCases.TC01_AccountRegistrationTest" name="Verifry_Account_Registration" time="6.130"/>
</testsuite> <!-- testCases.TC01_AccountRegistrationTest -->
