<?xml version="1.0" encoding="UTF-8"?>
<!-- Generated by org.testng.reporters.JUnitReportReporter -->
<testsuite hostname="MSI" failures="0" tests="1" name="testCases.TC07_AddToCartTest" time="6.738" errors="0" timestamp="2025-02-06T20:43:00 IST" skipped="0">
  <testcase classname="testCases.TC07_AddToCartTest" name="testCartItemDetails" time="6.738"/>
</testsuite> <!-- testCases.TC07_AddToCartTest -->
