<?xml version="1.0" encoding="UTF-8"?>
<!-- Generated by org.testng.reporters.JUnitReportReporter -->
<testsuite hostname="MSI" failures="0" tests="5" name="testCases.TC04_LoginDDT" time="53.100" errors="0" timestamp="2025-02-06T20:43:00 IST" skipped="0">
  <testcase classname="testCases.TC04_LoginDDT" name="Verify_LoginSST" time="16.887"/>
  <testcase classname="testCases.TC04_LoginDDT" name="Verify_LoginSST" time="1.955"/>
  <testcase classname="testCases.TC04_LoginDDT" name="Verify_LoginSST" time="16.019"/>
  <testcase classname="testCases.TC04_LoginDDT" name="Verify_LoginSST" time="16.334"/>
  <testcase classname="testCases.TC04_LoginDDT" name="Verify_LoginSST" time="1.905"/>
</testsuite> <!-- testCases.TC04_LoginDDT -->
