<?xml version="1.0" encoding="UTF-8"?>
<!-- Generated by org.testng.reporters.JUnitReportReporter -->
<testsuite hostname="MSI" failures="0" tests="1" name="testCases.TC02_LoginTest" time="2.245" errors="0" timestamp="2025-02-06T20:43:00 IST" skipped="0">
  <testcase classname="testCases.TC02_LoginTest" name="verify_Login" time="2.245"/>
</testsuite> <!-- testCases.TC02_LoginTest -->
