<?xml version="1.0" encoding="UTF-8"?>
<!-- Generated by org.testng.reporters.JUnitReportReporter -->
<testsuite hostname="MSI" failures="0" tests="1" name="testCases.TC06_TestHoverAndClickAction" time="1.503" errors="0" timestamp="2025-02-06T20:43:00 IST" skipped="0">
  <testcase classname="testCases.TC06_TestHoverAndClickAction" name="testHoverAndClick" time="1.503"/>
</testsuite> <!-- testCases.TC06_TestHoverAndClickAction -->
