<?xml version="1.0" encoding="UTF-8"?>
<!-- Generated by org.testng.reporters.JUnitReportReporter -->
<testsuite hostname="MSI" failures="0" tests="1" name="testCases.TC05_BrokenLink" time="32.714" errors="0" timestamp="2025-02-06T20:43:00 IST" skipped="0">
  <testcase classname="testCases.TC05_BrokenLink" name="validateBrokenLinks" time="32.714"/>
</testsuite> <!-- testCases.TC05_BrokenLink -->
